<?xml version="1.0" encoding="UTF-8"?>
<!-- Generated by org.testng.reporters.JUnitXMLReporter -->
<testsuite ignored="2" hostname="EC2AMAZ-S11DBRH" failures="1" tests="4" name="ModuleOneTest" time="33.079" errors="0" timestamp="2023-10-27T12:52:24 GMT">
  <testcase classname="testScripts.GooglePageTest" name="javaSearchTest" time="4.563">
    <skipped/>
  </testcase> <!-- javaSearchTest -->
  <testcase classname="testScripts.GooglePageTest" name="javaSearchTest" time="7.376">
    <skipped/>
  </testcase> <!-- javaSearchTest -->
  <testcase classname="testScripts.GooglePageTest" name="javaSearchTest" time="5.01">
    <failure type="java.lang.AssertionError" message="expected [Java Tutorial - Google Search page] but found [Java Tutorial - Google Search]">
      <![CDATA[java.lang.AssertionError: expected [Java Tutorial - Google Search page] but found [Java Tutorial - Google Search]
at testScripts.GooglePageTest.javaSearchTest(GooglePageTest.java:74)
at java.base/java.util.ArrayList.forEach(ArrayList.java:1511)
at java.base/java.util.concurrent.FutureTask.run(FutureTask.java:264)
at java.base/java.util.concurrent.ThreadPoolExecutor.runWorker(ThreadPoolExecutor.java:1130)
at java.base/java.util.concurrent.ThreadPoolExecutor$Worker.run(ThreadPoolExecutor.java:630)
at java.base/java.lang.Thread.run(Thread.java:831)
... Removed 24 stack frames]]>
    </failure>
  </testcase> <!-- javaSearchTest -->
  <testcase classname="testScripts.GooglePageTest" name="seleniumSearchTest" time="7.692"/>
  <testcase classname="testScripts.GooglePageTest" name="appiumSearchTest" time="0.0">
    <ignored/>
  </testcase> <!-- appiumSearchTest -->
  <testcase classname="testScripts.GooglePageTest" name="cucumberSearchTest" time="0.0">
    <ignored/>
  </testcase> <!-- cucumberSearchTest -->
</testsuite> <!-- ModuleOneTest -->
